<?xml version="1.0" encoding="UTF-8"?>
<!-- Generated by org.testng.reporters.JUnitXMLReporter -->
<testsuite hostname="emb-ban-168" ignored="0" name="Default test" tests="3" failures="0" timestamp="30 Aug 2018 05:30:23 GMT" time="118.025" errors="0">
  <testcase name="RemoveFromMinicart" time="46.767" classname="com.qa.testcases.TestAddCart"/>
  <testcase name="RemoveFromCart" time="36.737" classname="com.qa.testcases.TestAddCart"/>
  <testcase name="AddToCart" time="25.109" classname="com.qa.testcases.TestAddCart"/>
</testsuite> <!-- Default test -->
