<?xml version="1.0" encoding="UTF-8"?>
<!-- Generated by org.testng.reporters.JUnitXMLReporter -->
<testsuite hostname="emb-ban-168" ignored="0" name="Test6" tests="4" failures="0" timestamp="30 Jul 2018 10:33:31 GMT" time="47.405" errors="0">
  <testcase name="MyAccountInfo" time="15.054" classname="com.qa.testcases.TestAccount"/>
  <testcase name="MyAccountChangePassword" time="0.682" classname="com.qa.testcases.TestAccount"/>
  <testcase name="MyAccountOrderPage" time="1.591" classname="com.qa.testcases.TestAccount"/>
  <testcase name="MyAccountSaveAddressPage" time="13.128" classname="com.qa.testcases.TestAccount"/>
</testsuite> <!-- Test6 -->
