<?xml version="1.0" encoding="UTF-8"?>
<!-- Generated by org.testng.reporters.JUnitXMLReporter -->
<testsuite hostname="emb-ban-168" ignored="0" name="Test3" tests="3" failures="0" timestamp="30 Jul 2018 10:30:46 GMT" time="101.052" errors="0">
  <testcase name="AddToWishlistQuickviewLogin" time="41.954" classname="com.qa.testcases.TestAddWishlist"/>
  <testcase name="AddToWishlistPLP" time="17.023" classname="com.qa.testcases.TestAddWishlist"/>
  <testcase name="AddToWishlistPDP" time="17.808" classname="com.qa.testcases.TestAddWishlist"/>
</testsuite> <!-- Test3 -->
