<?xml version="1.0" encoding="UTF-8"?>
<!-- Generated by org.testng.reporters.JUnitXMLReporter -->
<testsuite hostname="emb-ban-168" ignored="0" name="Test4" tests="5" failures="0" timestamp="30 Jul 2018 10:32:06 GMT" time="80.237" errors="0">
  <testcase name="BannerOne" time="1.271" classname="com.qa.testcases.TestBannerClick"/>
  <testcase name="BannerclickWithLogin" time="13.292" classname="com.qa.testcases.TestBannerClick"/>
  <testcase name="BannerclickWithLoginTwo" time="12.067" classname="com.qa.testcases.TestBannerClick"/>
  <testcase name="BannerclickWithLoginThree" time="17.335" classname="com.qa.testcases.TestBannerClick"/>
  <testcase name="BannerclickLookBook" time="15.396" classname="com.qa.testcases.TestBannerClick"/>
</testsuite> <!-- Test4 -->
