<?xml version="1.0" encoding="UTF-8"?>
<!-- Generated by org.testng.reporters.JUnitXMLReporter -->
<testsuite hostname="emb-ban-168" ignored="0" name="Test2" tests="3" failures="0" timestamp="30 Jul 2018 10:29:05 GMT" time="82.77" errors="0">
  <testcase name="RemoveFromMinicart" time="24.998" classname="com.qa.testcases.TestAddCart"/>
  <testcase name="AddToCart" time="18.473" classname="com.qa.testcases.TestAddCart"/>
  <testcase name="AddToCartQuickview" time="17.719" classname="com.qa.testcases.TestAddCart"/>
</testsuite> <!-- Test2 -->
