<?xml version="1.0" encoding="UTF-8"?>
<!-- Generated by org.testng.reporters.JUnitXMLReporter -->
<testsuite hostname="emb-ban-168" ignored="0" name="Test1" tests="5" failures="0" timestamp="30 Jul 2018 10:27:42 GMT" time="101.757" errors="0">
  <testcase name="coverStoryEmailLogin" time="9.628" classname="com.qa.testcases.TestCswLogin"/>
  <testcase name="coverStoryPhoneLogin" time="10.211" classname="com.qa.testcases.TestCswLogin"/>
  <testcase name="coverStorygoogleplusLogin" time="26.269" classname="com.qa.testcases.TestCswLogin"/>
  <testcase name="coverStoryFacebookLogin" time="22.248" classname="com.qa.testcases.TestCswLogin"/>
  <testcase name="coverStoryOTPLogin" time="11.749" classname="com.qa.testcases.TestCswLogin"/>
</testsuite> <!-- Test1 -->
