<?xml version="1.0" encoding="UTF-8"?>
<testng-results skipped="0" failed="0" ignored="0" total="3" passed="3">
  <reporter-output>
    <line>
      <![CDATA[Email : Login Icon clicked]]>
    </line>
    <line>
      <![CDATA[Email :Email entered]]>
    </line>
    <line>
      <![CDATA[Email :Password entered]]>
    </line>
    <line>
      <![CDATA[Item added to mini cart successfully]]>
    </line>
    <line>
      <![CDATA[Item removed from mini cart successfully]]>
    </line>
    <line>
      <![CDATA[Item added from main cart successfully]]>
    </line>
    <line>
      <![CDATA[Item removed from main cart successfully]]>
    </line>
    <line>
      <![CDATA[Item added from main cart successfully]]>
    </line>
  </reporter-output>
  <suite name="Default suite" duration-ms="118025" started-at="2018-08-30T05:28:25Z" finished-at="2018-08-30T05:30:23Z">
    <groups>
    </groups>
    <test name="Default test" duration-ms="118025" started-at="2018-08-30T05:28:25Z" finished-at="2018-08-30T05:30:23Z">
      <class name="com.qa.testcases.TestAddCart">
        <test-method status="PASS" signature="launchUrl()[pri:0, instance:com.qa.testcases.TestAddCart@103f852]" name="launchUrl" is-config="true" duration-ms="8551" started-at="2018-08-30T05:28:25Z" finished-at="2018-08-30T05:28:33Z">
          <reporter-output>
          </reporter-output>
        </test-method> <!-- launchUrl -->
        <test-method status="PASS" signature="RemoveFromMinicart()[pri:0, instance:com.qa.testcases.TestAddCart@103f852]" name="RemoveFromMinicart" duration-ms="46767" started-at="2018-08-30T05:28:33Z" finished-at="2018-08-30T05:29:20Z">
          <reporter-output>
            <line>
              <![CDATA[Email : Login Icon clicked]]>
            </line>
            <line>
              <![CDATA[Email :Email entered]]>
            </line>
            <line>
              <![CDATA[Email :Password entered]]>
            </line>
            <line>
              <![CDATA[Item added to mini cart successfully]]>
            </line>
            <line>
              <![CDATA[Item removed from mini cart successfully]]>
            </line>
          </reporter-output>
        </test-method> <!-- RemoveFromMinicart -->
        <test-method status="PASS" signature="RemoveFromCart()[pri:1, instance:com.qa.testcases.TestAddCart@103f852]" name="RemoveFromCart" duration-ms="36737" started-at="2018-08-30T05:29:20Z" finished-at="2018-08-30T05:29:57Z">
          <reporter-output>
            <line>
              <![CDATA[Item added from main cart successfully]]>
            </line>
            <line>
              <![CDATA[Item removed from main cart successfully]]>
            </line>
          </reporter-output>
        </test-method> <!-- RemoveFromCart -->
        <test-method status="PASS" signature="AddToCart()[pri:2, instance:com.qa.testcases.TestAddCart@103f852]" name="AddToCart" duration-ms="25109" started-at="2018-08-30T05:29:57Z" finished-at="2018-08-30T05:30:22Z">
          <reporter-output>
            <line>
              <![CDATA[Item added from main cart successfully]]>
            </line>
          </reporter-output>
        </test-method> <!-- AddToCart -->
        <test-method status="PASS" signature="closeBrowser()[pri:0, instance:com.qa.testcases.TestAddCart@103f852]" name="closeBrowser" is-config="true" duration-ms="829" started-at="2018-08-30T05:30:22Z" finished-at="2018-08-30T05:30:23Z">
          <reporter-output>
          </reporter-output>
        </test-method> <!-- closeBrowser -->
      </class> <!-- com.qa.testcases.TestAddCart -->
    </test> <!-- Default test -->
  </suite> <!-- Default suite -->
</testng-results>
